build/app/intermediates/manifest_merge_blame_file/release/manifest-merger-blame-release-report.txt
1<?xml version="1.0" encoding="utf-8"?>
2<manifest xmlns:android="http://schemas.android.com/apk/res/android"
3    package="com.airhorn.appglobal"
4    android:versionCode="4002"
5    android:versionName="1.0.1" >
6
7    <uses-sdk
8        android:minSdkVersion="19"
8-->src/main/AndroidManifest.xml
9        android:targetSdkVersion="31" />
9-->src/main/AndroidManifest.xml
10
11    <uses-permission android:name="android.permission.ACCESS_NETWORK_STATE" />
11-->[:firebase_analytics] AndroidManifest.xml:7:5-79
11-->[:firebase_analytics] AndroidManifest.xml:7:22-76
12    <uses-permission android:name="android.permission.INTERNET" />
12-->[:firebase_analytics] AndroidManifest.xml:8:5-67
12-->[:firebase_analytics] AndroidManifest.xml:8:22-64
13    <uses-permission android:name="android.permission.WAKE_LOCK" /> <!-- Permissions options for the `notification` group -->
13-->[:firebase_analytics] AndroidManifest.xml:9:5-68
13-->[:firebase_analytics] AndroidManifest.xml:9:22-65
14    <uses-permission android:name="android.permission.POST_NOTIFICATIONS" /> <!-- Required by older versions of Google Play services to create IID tokens -->
14-->[:firebase_messaging] AndroidManifest.xml:11:5-77
14-->[:firebase_messaging] AndroidManifest.xml:11:22-74
15    <uses-permission android:name="com.google.android.c2dm.permission.RECEIVE" />
15-->[com.google.firebase:firebase-messaging:23.1.0] AndroidManifest.xml:28:5-82
15-->[com.google.firebase:firebase-messaging:23.1.0] AndroidManifest.xml:28:22-79
16
17    <queries>
17-->[com.google.firebase:firebase-inappmessaging-display:20.2.0] AndroidManifest.xml:12:5-18:15
18        <intent>
18-->[com.google.firebase:firebase-inappmessaging-display:20.2.0] AndroidManifest.xml:13:9-17:18
19            <action android:name="android.intent.action.VIEW" />
19-->[com.google.firebase:firebase-inappmessaging-display:20.2.0] AndroidManifest.xml:14:13-65
19-->[com.google.firebase:firebase-inappmessaging-display:20.2.0] AndroidManifest.xml:14:21-62
20
21            <data android:scheme="https" />
21-->[com.google.firebase:firebase-inappmessaging-display:20.2.0] AndroidManifest.xml:16:13-44
21-->[com.google.firebase:firebase-inappmessaging-display:20.2.0] AndroidManifest.xml:16:19-41
22        </intent>
23        <!-- For browser content -->
24        <intent>
24-->[com.google.android.gms:play-services-ads-lite:21.2.0] AndroidManifest.xml:31:9-37:18
25            <action android:name="android.intent.action.VIEW" />
25-->[com.google.firebase:firebase-inappmessaging-display:20.2.0] AndroidManifest.xml:14:13-65
25-->[com.google.firebase:firebase-inappmessaging-display:20.2.0] AndroidManifest.xml:14:21-62
26
27            <category android:name="android.intent.category.BROWSABLE" />
27-->[com.google.android.gms:play-services-ads-lite:21.2.0] AndroidManifest.xml:34:13-74
27-->[com.google.android.gms:play-services-ads-lite:21.2.0] AndroidManifest.xml:34:23-71
28
29            <data android:scheme="https" />
29-->[com.google.firebase:firebase-inappmessaging-display:20.2.0] AndroidManifest.xml:16:13-44
29-->[com.google.firebase:firebase-inappmessaging-display:20.2.0] AndroidManifest.xml:16:19-41
30        </intent> <!-- End of browser content -->
31        <!-- For CustomTabsService -->
32        <intent>
32-->[com.google.android.gms:play-services-ads-lite:21.2.0] AndroidManifest.xml:40:9-42:18
33            <action android:name="android.support.customtabs.action.CustomTabsService" />
33-->[com.google.android.gms:play-services-ads-lite:21.2.0] AndroidManifest.xml:41:13-90
33-->[com.google.android.gms:play-services-ads-lite:21.2.0] AndroidManifest.xml:41:21-87
34        </intent>
35        <intent>
35-->[androidx.media2:media2-session:1.2.0] AndroidManifest.xml:25:9-27:18
36            <action android:name="android.media.browse.MediaBrowserService" />
36-->[androidx.media2:media2-session:1.2.0] AndroidManifest.xml:26:13-79
36-->[androidx.media2:media2-session:1.2.0] AndroidManifest.xml:26:21-76
37        </intent>
38        <intent>
38-->[androidx.media2:media2-session:1.2.0] AndroidManifest.xml:28:9-30:18
39            <action android:name="androidx.media2.session.MediaSessionService" />
39-->[androidx.media2:media2-session:1.2.0] AndroidManifest.xml:29:13-82
39-->[androidx.media2:media2-session:1.2.0] AndroidManifest.xml:29:21-79
40        </intent>
41        <intent>
41-->[androidx.media2:media2-session:1.2.0] AndroidManifest.xml:31:9-33:18
42            <action android:name="androidx.media2.session.MediaLibraryService" />
42-->[androidx.media2:media2-session:1.2.0] AndroidManifest.xml:32:13-82
42-->[androidx.media2:media2-session:1.2.0] AndroidManifest.xml:32:21-79
43        </intent>
44    </queries>
45
46    <uses-permission android:name="com.google.android.gms.permission.AD_ID" />
46-->[com.google.android.gms:play-services-measurement-api:21.2.0] AndroidManifest.xml:25:5-79
46-->[com.google.android.gms:play-services-measurement-api:21.2.0] AndroidManifest.xml:25:22-76
47    <uses-permission android:name="com.google.android.finsky.permission.BIND_GET_INSTALL_REFERRER_SERVICE" />
47-->[com.google.android.gms:play-services-measurement:21.2.0] AndroidManifest.xml:26:5-110
47-->[com.google.android.gms:play-services-measurement:21.2.0] AndroidManifest.xml:26:22-107
48    <uses-permission android:name="android.permission.RECEIVE_BOOT_COMPLETED" />
48-->[androidx.work:work-runtime:2.7.0] AndroidManifest.xml:27:5-81
48-->[androidx.work:work-runtime:2.7.0] AndroidManifest.xml:27:22-78
49    <uses-permission android:name="android.permission.FOREGROUND_SERVICE" />
49-->[androidx.work:work-runtime:2.7.0] AndroidManifest.xml:28:5-77
49-->[androidx.work:work-runtime:2.7.0] AndroidManifest.xml:28:22-74
50
51    <application
52        android:name="android.app.Application"
52-->src/main/AndroidManifest.xml:5:9-42
53        android:appComponentFactory="androidx.core.app.CoreComponentFactory"
53-->[androidx.core:core:1.7.0] AndroidManifest.xml:24:18-86
54        android:icon="@mipmap/ic_launcher"
54-->src/main/AndroidManifest.xml:6:9-43
55        android:label="Air Horn - Siren Sound Prank" >
55-->src/main/AndroidManifest.xml:4:9-53
56        <activity
56-->src/main/AndroidManifest.xml:7:9-27:20
57            android:name="com.airhorn.appglobal.MainActivity"
57-->src/main/AndroidManifest.xml:8:13-41
58            android:configChanges="orientation|keyboardHidden|keyboard|screenSize|smallestScreenSize|locale|layoutDirection|fontScale|screenLayout|density|uiMode"
58-->src/main/AndroidManifest.xml:12:13-163
59            android:exported="true"
59-->src/main/AndroidManifest.xml:9:13-36
60            android:hardwareAccelerated="true"
60-->src/main/AndroidManifest.xml:13:13-47
61            android:launchMode="singleTop"
61-->src/main/AndroidManifest.xml:10:13-43
62            android:theme="@style/LaunchTheme"
62-->src/main/AndroidManifest.xml:11:13-47
63            android:windowSoftInputMode="adjustResize" >
63-->src/main/AndroidManifest.xml:14:13-55
64
65            <!--
66                 Specifies an Android theme to apply to this Activity as soon as
67                 the Android process has started. This theme is visible to the user
68                 while the Flutter UI initializes. After that, this theme continues
69                 to determine the Window background behind the Flutter UI.
70            -->
71            <meta-data
71-->src/main/AndroidManifest.xml:19:13-22:17
72                android:name="io.flutter.embedding.android.NormalTheme"
72-->src/main/AndroidManifest.xml:20:15-70
73                android:resource="@style/NormalTheme" />
73-->src/main/AndroidManifest.xml:21:15-52
74
75            <intent-filter>
75-->src/main/AndroidManifest.xml:23:13-26:29
76                <action android:name="android.intent.action.MAIN" />
76-->src/main/AndroidManifest.xml:24:17-68
76-->src/main/AndroidManifest.xml:24:25-66
77
78                <category android:name="android.intent.category.LAUNCHER" />
78-->src/main/AndroidManifest.xml:25:17-76
78-->src/main/AndroidManifest.xml:25:27-74
79            </intent-filter>
80        </activity>
81        <!--
82             Don't delete the meta-data below.
83             This is used by the Flutter tool to generate GeneratedPluginRegistrant.java
84        -->
85        <meta-data
85-->src/main/AndroidManifest.xml:30:9-32:33
86            android:name="flutterEmbedding"
86-->src/main/AndroidManifest.xml:31:13-44
87            android:value="2" />
87-->src/main/AndroidManifest.xml:32:13-30
88        <meta-data
88-->src/main/AndroidManifest.xml:33:8-35:70
89            android:name="com.google.android.gms.ads.APPLICATION_ID"
89-->src/main/AndroidManifest.xml:34:13-69
90            android:value="ca-app-pub-3940256099942544~3347511713" />
90-->src/main/AndroidManifest.xml:35:13-67
91
92        <service
92-->[:firebase_analytics] AndroidManifest.xml:12:9-16:19
93            android:name="com.google.firebase.components.ComponentDiscoveryService"
93-->[:firebase_analytics] AndroidManifest.xml:12:18-89
94            android:directBootAware="true"
94-->[com.google.firebase:firebase-common:20.2.0] AndroidManifest.xml:34:13-43
95            android:exported="false" >
95-->[com.google.firebase:firebase-messaging:23.1.0] AndroidManifest.xml:54:13-37
96            <meta-data
96-->[:firebase_analytics] AndroidManifest.xml:13:13-15:85
97                android:name="com.google.firebase.components:io.flutter.plugins.firebase.analytics.FlutterFirebaseAppRegistrar"
97-->[:firebase_analytics] AndroidManifest.xml:14:17-128
98                android:value="com.google.firebase.components.ComponentRegistrar" />
98-->[:firebase_analytics] AndroidManifest.xml:15:17-82
99            <meta-data
99-->[:firebase_in_app_messaging] AndroidManifest.xml:9:13-11:85
100                android:name="com.google.firebase.components:io.flutter.plugins.firebase.inappmessaging.FlutterFirebaseAppRegistrar"
100-->[:firebase_in_app_messaging] AndroidManifest.xml:10:17-133
101                android:value="com.google.firebase.components.ComponentRegistrar" />
101-->[:firebase_in_app_messaging] AndroidManifest.xml:11:17-82
102            <meta-data
102-->[:firebase_messaging] AndroidManifest.xml:36:13-38:85
103                android:name="com.google.firebase.components:io.flutter.plugins.firebase.messaging.FlutterFirebaseAppRegistrar"
103-->[:firebase_messaging] AndroidManifest.xml:37:17-128
104                android:value="com.google.firebase.components.ComponentRegistrar" />
104-->[:firebase_messaging] AndroidManifest.xml:38:17-82
105            <meta-data
105-->[:firebase_core] AndroidManifest.xml:9:13-11:85
106                android:name="com.google.firebase.components:io.flutter.plugins.firebase.core.FlutterFirebaseCoreRegistrar"
106-->[:firebase_core] AndroidManifest.xml:10:17-124
107                android:value="com.google.firebase.components.ComponentRegistrar" />
107-->[:firebase_core] AndroidManifest.xml:11:17-82
108            <meta-data
108-->[com.google.firebase:firebase-messaging:23.1.0] AndroidManifest.xml:55:13-57:85
109                android:name="com.google.firebase.components:com.google.firebase.messaging.FirebaseMessagingRegistrar"
109-->[com.google.firebase:firebase-messaging:23.1.0] AndroidManifest.xml:56:17-119
110                android:value="com.google.firebase.components.ComponentRegistrar" />
110-->[com.google.firebase:firebase-messaging:23.1.0] AndroidManifest.xml:57:17-82
111            <meta-data
111-->[com.google.firebase:firebase-inappmessaging-display:20.2.0] AndroidManifest.xml:24:13-26:85
112                android:name="com.google.firebase.components:com.google.firebase.inappmessaging.display.FirebaseInAppMessagingDisplayRegistrar"
112-->[com.google.firebase:firebase-inappmessaging-display:20.2.0] AndroidManifest.xml:25:17-144
113                android:value="com.google.firebase.components.ComponentRegistrar" />
113-->[com.google.firebase:firebase-inappmessaging-display:20.2.0] AndroidManifest.xml:26:17-82
114            <meta-data
114-->[com.google.firebase:firebase-inappmessaging:20.2.0] AndroidManifest.xml:16:13-18:85
115                android:name="com.google.firebase.components:com.google.firebase.inappmessaging.FirebaseInAppMessagingRegistrar"
115-->[com.google.firebase:firebase-inappmessaging:20.2.0] AndroidManifest.xml:17:17-129
116                android:value="com.google.firebase.components.ComponentRegistrar" />
116-->[com.google.firebase:firebase-inappmessaging:20.2.0] AndroidManifest.xml:18:17-82
117            <meta-data
117-->[com.google.firebase:firebase-datatransport:18.1.7] AndroidManifest.xml:27:13-29:85
118                android:name="com.google.firebase.components:com.google.firebase.datatransport.TransportRegistrar"
118-->[com.google.firebase:firebase-datatransport:18.1.7] AndroidManifest.xml:28:17-115
119                android:value="com.google.firebase.components.ComponentRegistrar" />
119-->[com.google.firebase:firebase-datatransport:18.1.7] AndroidManifest.xml:29:17-82
120            <meta-data
120-->[com.google.firebase:firebase-iid:21.1.0] AndroidManifest.xml:32:13-34:85
121                android:name="com.google.firebase.components:com.google.firebase.iid.Registrar"
121-->[com.google.firebase:firebase-iid:21.1.0] AndroidManifest.xml:33:17-96
122                android:value="com.google.firebase.components.ComponentRegistrar" />
122-->[com.google.firebase:firebase-iid:21.1.0] AndroidManifest.xml:34:17-82
123            <meta-data
123-->[com.google.android.gms:play-services-measurement-api:21.2.0] AndroidManifest.xml:31:13-33:85
124                android:name="com.google.firebase.components:com.google.firebase.analytics.connector.internal.AnalyticsConnectorRegistrar"
124-->[com.google.android.gms:play-services-measurement-api:21.2.0] AndroidManifest.xml:32:17-139
125                android:value="com.google.firebase.components.ComponentRegistrar" />
125-->[com.google.android.gms:play-services-measurement-api:21.2.0] AndroidManifest.xml:33:17-82
126            <meta-data
126-->[com.google.firebase:firebase-installations:17.1.0] AndroidManifest.xml:17:13-19:85
127                android:name="com.google.firebase.components:com.google.firebase.installations.FirebaseInstallationsRegistrar"
127-->[com.google.firebase:firebase-installations:17.1.0] AndroidManifest.xml:18:17-127
128                android:value="com.google.firebase.components.ComponentRegistrar" />
128-->[com.google.firebase:firebase-installations:17.1.0] AndroidManifest.xml:19:17-82
129            <meta-data
129-->[com.google.firebase:firebase-abt:21.1.0] AndroidManifest.xml:12:13-14:85
130                android:name="com.google.firebase.components:com.google.firebase.abt.component.AbtRegistrar"
130-->[com.google.firebase:firebase-abt:21.1.0] AndroidManifest.xml:13:17-109
131                android:value="com.google.firebase.components.ComponentRegistrar" />
131-->[com.google.firebase:firebase-abt:21.1.0] AndroidManifest.xml:14:17-82
132        </service>
133        <service
133-->[:firebase_messaging] AndroidManifest.xml:14:9-17:72
134            android:name="io.flutter.plugins.firebase.messaging.FlutterFirebaseMessagingBackgroundService"
134-->[:firebase_messaging] AndroidManifest.xml:15:13-107
135            android:exported="false"
135-->[:firebase_messaging] AndroidManifest.xml:16:13-37
136            android:permission="android.permission.BIND_JOB_SERVICE" />
136-->[:firebase_messaging] AndroidManifest.xml:17:13-69
137        <service
137-->[:firebase_messaging] AndroidManifest.xml:18:9-24:19
138            android:name="io.flutter.plugins.firebase.messaging.FlutterFirebaseMessagingService"
138-->[:firebase_messaging] AndroidManifest.xml:19:13-97
139            android:exported="false" >
139-->[:firebase_messaging] AndroidManifest.xml:20:13-37
140            <intent-filter>
140-->[:firebase_messaging] AndroidManifest.xml:21:13-23:29
141                <action android:name="com.google.firebase.MESSAGING_EVENT" />
141-->[:firebase_messaging] AndroidManifest.xml:22:17-78
141-->[:firebase_messaging] AndroidManifest.xml:22:25-75
142            </intent-filter>
143        </service>
144
145        <receiver
145-->[:firebase_messaging] AndroidManifest.xml:26:9-33:20
146            android:name="io.flutter.plugins.firebase.messaging.FlutterFirebaseMessagingReceiver"
146-->[:firebase_messaging] AndroidManifest.xml:27:13-98
147            android:exported="true"
147-->[:firebase_messaging] AndroidManifest.xml:28:13-36
148            android:permission="com.google.android.c2dm.permission.SEND" >
148-->[:firebase_messaging] AndroidManifest.xml:29:13-73
149            <intent-filter>
149-->[:firebase_messaging] AndroidManifest.xml:30:13-32:29
150                <action android:name="com.google.android.c2dm.intent.RECEIVE" />
150-->[:firebase_messaging] AndroidManifest.xml:31:17-81
150-->[:firebase_messaging] AndroidManifest.xml:31:25-78
151            </intent-filter>
152        </receiver>
153
154        <provider
154-->[:firebase_messaging] AndroidManifest.xml:41:9-45:38
155            android:name="io.flutter.plugins.firebase.messaging.FlutterFirebaseMessagingInitProvider"
155-->[:firebase_messaging] AndroidManifest.xml:42:13-102
156            android:authorities="com.airhorn.appglobal.flutterfirebasemessaginginitprovider"
156-->[:firebase_messaging] AndroidManifest.xml:43:13-88
157            android:exported="false"
157-->[:firebase_messaging] AndroidManifest.xml:44:13-37
158            android:initOrder="99" />
158-->[:firebase_messaging] AndroidManifest.xml:45:13-35
159
160        <meta-data
160-->[:google_mobile_ads] AndroidManifest.xml:10:9-12:36
161            android:name="io.flutter.embedded_views_preview"
161-->[:google_mobile_ads] AndroidManifest.xml:11:13-61
162            android:value="true" />
162-->[:google_mobile_ads] AndroidManifest.xml:12:13-33
163
164        <provider
164-->[:share_plus] AndroidManifest.xml:8:9-16:20
165            android:name="dev.fluttercommunity.plus.share.ShareFileProvider"
165-->[:share_plus] AndroidManifest.xml:9:13-77
166            android:authorities="com.airhorn.appglobal.flutter.share_provider"
166-->[:share_plus] AndroidManifest.xml:10:13-74
167            android:exported="false"
167-->[:share_plus] AndroidManifest.xml:11:13-37
168            android:grantUriPermissions="true" >
168-->[:share_plus] AndroidManifest.xml:12:13-47
169            <meta-data
169-->[:share_plus] AndroidManifest.xml:13:13-15:68
170                android:name="android.support.FILE_PROVIDER_PATHS"
170-->[:share_plus] AndroidManifest.xml:14:17-67
171                android:resource="@xml/flutter_share_file_paths" />
171-->[:share_plus] AndroidManifest.xml:15:17-65
172        </provider>
173
174        <activity
174-->[:url_launcher_android] AndroidManifest.xml:8:9-11:74
175            android:name="io.flutter.plugins.urllauncher.WebViewActivity"
175-->[:url_launcher_android] AndroidManifest.xml:9:13-74
176            android:exported="false"
176-->[:url_launcher_android] AndroidManifest.xml:10:13-37
177            android:theme="@android:style/Theme.NoTitleBar.Fullscreen" />
177-->[:url_launcher_android] AndroidManifest.xml:11:13-71
178
179        <uses-library
179-->[androidx.window:window:1.0.0-beta04] AndroidManifest.xml:25:9-27:40
180            android:name="androidx.window.extensions"
180-->[androidx.window:window:1.0.0-beta04] AndroidManifest.xml:26:13-54
181            android:required="false" />
181-->[androidx.window:window:1.0.0-beta04] AndroidManifest.xml:27:13-37
182        <uses-library
182-->[androidx.window:window:1.0.0-beta04] AndroidManifest.xml:28:9-30:40
183            android:name="androidx.window.sidecar"
183-->[androidx.window:window:1.0.0-beta04] AndroidManifest.xml:29:13-51
184            android:required="false" />
184-->[androidx.window:window:1.0.0-beta04] AndroidManifest.xml:30:13-37
185
186        <receiver
186-->[com.google.firebase:firebase-messaging:23.1.0] AndroidManifest.xml:31:9-38:20
187            android:name="com.google.firebase.iid.FirebaseInstanceIdReceiver"
187-->[com.google.firebase:firebase-messaging:23.1.0] AndroidManifest.xml:32:13-78
188            android:exported="true"
188-->[com.google.firebase:firebase-messaging:23.1.0] AndroidManifest.xml:33:13-36
189            android:permission="com.google.android.c2dm.permission.SEND" >
189-->[com.google.firebase:firebase-messaging:23.1.0] AndroidManifest.xml:34:13-73
190            <intent-filter>
190-->[:firebase_messaging] AndroidManifest.xml:30:13-32:29
191                <action android:name="com.google.android.c2dm.intent.RECEIVE" />
191-->[:firebase_messaging] AndroidManifest.xml:31:17-81
191-->[:firebase_messaging] AndroidManifest.xml:31:25-78
192            </intent-filter>
193        </receiver>
194        <!--
195             FirebaseMessagingService performs security checks at runtime,
196             but set to not exported to explicitly avoid allowing another app to call it.
197        -->
198        <service
198-->[com.google.firebase:firebase-messaging:23.1.0] AndroidManifest.xml:44:9-51:19
199            android:name="com.google.firebase.messaging.FirebaseMessagingService"
199-->[com.google.firebase:firebase-messaging:23.1.0] AndroidManifest.xml:45:13-82
200            android:directBootAware="true"
200-->[com.google.firebase:firebase-messaging:23.1.0] AndroidManifest.xml:46:13-43
201            android:exported="false" >
201-->[com.google.firebase:firebase-messaging:23.1.0] AndroidManifest.xml:47:13-37
202            <intent-filter android:priority="-500" >
202-->[:firebase_messaging] AndroidManifest.xml:21:13-23:29
203                <action android:name="com.google.firebase.MESSAGING_EVENT" />
203-->[:firebase_messaging] AndroidManifest.xml:22:17-78
203-->[:firebase_messaging] AndroidManifest.xml:22:25-75
204            </intent-filter>
205        </service>
206        <service
206-->[com.google.android.datatransport:transport-backend-cct:3.1.8] AndroidManifest.xml:28:9-34:19
207            android:name="com.google.android.datatransport.runtime.backends.TransportBackendDiscovery"
207-->[com.google.android.datatransport:transport-backend-cct:3.1.8] AndroidManifest.xml:29:13-103
208            android:exported="false" >
208-->[com.google.android.datatransport:transport-backend-cct:3.1.8] AndroidManifest.xml:30:13-37
209            <meta-data
209-->[com.google.android.datatransport:transport-backend-cct:3.1.8] AndroidManifest.xml:31:13-33:39
210                android:name="backend:com.google.android.datatransport.cct.CctBackendFactory"
210-->[com.google.android.datatransport:transport-backend-cct:3.1.8] AndroidManifest.xml:32:17-94
211                android:value="cct" />
211-->[com.google.android.datatransport:transport-backend-cct:3.1.8] AndroidManifest.xml:33:17-36
212        </service>
213        <service
213-->[com.google.android.datatransport:transport-runtime:3.1.8] AndroidManifest.xml:26:9-30:19
214            android:name="com.google.android.datatransport.runtime.scheduling.jobscheduling.JobInfoSchedulerService"
214-->[com.google.android.datatransport:transport-runtime:3.1.8] AndroidManifest.xml:27:13-117
215            android:exported="false"
215-->[com.google.android.datatransport:transport-runtime:3.1.8] AndroidManifest.xml:28:13-37
216            android:permission="android.permission.BIND_JOB_SERVICE" >
216-->[com.google.android.datatransport:transport-runtime:3.1.8] AndroidManifest.xml:29:13-69
217        </service>
218
219        <receiver
219-->[com.google.android.datatransport:transport-runtime:3.1.8] AndroidManifest.xml:32:9-34:40
220            android:name="com.google.android.datatransport.runtime.scheduling.jobscheduling.AlarmManagerSchedulerBroadcastReceiver"
220-->[com.google.android.datatransport:transport-runtime:3.1.8] AndroidManifest.xml:33:13-132
221            android:exported="false" />
221-->[com.google.android.datatransport:transport-runtime:3.1.8] AndroidManifest.xml:34:13-37
222
223        <provider
223-->[com.google.firebase:firebase-common:20.2.0] AndroidManifest.xml:25:9-30:39
224            android:name="com.google.firebase.provider.FirebaseInitProvider"
224-->[com.google.firebase:firebase-common:20.2.0] AndroidManifest.xml:26:13-77
225            android:authorities="com.airhorn.appglobal.firebaseinitprovider"
225-->[com.google.firebase:firebase-common:20.2.0] AndroidManifest.xml:27:13-72
226            android:directBootAware="true"
226-->[com.google.firebase:firebase-common:20.2.0] AndroidManifest.xml:28:13-43
227            android:exported="false"
227-->[com.google.firebase:firebase-common:20.2.0] AndroidManifest.xml:29:13-37
228            android:initOrder="100" />
228-->[com.google.firebase:firebase-common:20.2.0] AndroidManifest.xml:30:13-36
229
230        <receiver
230-->[com.google.android.gms:play-services-measurement:21.2.0] AndroidManifest.xml:29:9-33:20
231            android:name="com.google.android.gms.measurement.AppMeasurementReceiver"
231-->[com.google.android.gms:play-services-measurement:21.2.0] AndroidManifest.xml:30:13-85
232            android:enabled="true"
232-->[com.google.android.gms:play-services-measurement:21.2.0] AndroidManifest.xml:31:13-35
233            android:exported="false" >
233-->[com.google.android.gms:play-services-measurement:21.2.0] AndroidManifest.xml:32:13-37
234        </receiver>
235
236        <service
236-->[com.google.android.gms:play-services-measurement:21.2.0] AndroidManifest.xml:35:9-38:40
237            android:name="com.google.android.gms.measurement.AppMeasurementService"
237-->[com.google.android.gms:play-services-measurement:21.2.0] AndroidManifest.xml:36:13-84
238            android:enabled="true"
238-->[com.google.android.gms:play-services-measurement:21.2.0] AndroidManifest.xml:37:13-35
239            android:exported="false" />
239-->[com.google.android.gms:play-services-measurement:21.2.0] AndroidManifest.xml:38:13-37
240        <service
240-->[com.google.android.gms:play-services-measurement:21.2.0] AndroidManifest.xml:39:9-43:72
241            android:name="com.google.android.gms.measurement.AppMeasurementJobService"
241-->[com.google.android.gms:play-services-measurement:21.2.0] AndroidManifest.xml:40:13-87
242            android:enabled="true"
242-->[com.google.android.gms:play-services-measurement:21.2.0] AndroidManifest.xml:41:13-35
243            android:exported="false"
243-->[com.google.android.gms:play-services-measurement:21.2.0] AndroidManifest.xml:42:13-37
244            android:permission="android.permission.BIND_JOB_SERVICE" /> <!-- Include the AdActivity and InAppPurchaseActivity configChanges and themes. -->
244-->[com.google.android.gms:play-services-measurement:21.2.0] AndroidManifest.xml:43:13-69
245        <activity
245-->[com.google.android.gms:play-services-ads-lite:21.2.0] AndroidManifest.xml:49:9-53:64
246            android:name="com.google.android.gms.ads.AdActivity"
246-->[com.google.android.gms:play-services-ads-lite:21.2.0] AndroidManifest.xml:50:13-65
247            android:configChanges="keyboard|keyboardHidden|orientation|screenLayout|uiMode|screenSize|smallestScreenSize"
247-->[com.google.android.gms:play-services-ads-lite:21.2.0] AndroidManifest.xml:51:13-122
248            android:exported="false"
248-->[com.google.android.gms:play-services-ads-lite:21.2.0] AndroidManifest.xml:52:13-37
249            android:theme="@android:style/Theme.Translucent" />
249-->[com.google.android.gms:play-services-ads-lite:21.2.0] AndroidManifest.xml:53:13-61
250
251        <provider
251-->[com.google.android.gms:play-services-ads-lite:21.2.0] AndroidManifest.xml:55:9-59:39
252            android:name="com.google.android.gms.ads.MobileAdsInitProvider"
252-->[com.google.android.gms:play-services-ads-lite:21.2.0] AndroidManifest.xml:56:13-76
253            android:authorities="com.airhorn.appglobal.mobileadsinitprovider"
253-->[com.google.android.gms:play-services-ads-lite:21.2.0] AndroidManifest.xml:57:13-73
254            android:exported="false"
254-->[com.google.android.gms:play-services-ads-lite:21.2.0] AndroidManifest.xml:58:13-37
255            android:initOrder="100" />
255-->[com.google.android.gms:play-services-ads-lite:21.2.0] AndroidManifest.xml:59:13-36
256
257        <service
257-->[com.google.android.gms:play-services-ads-lite:21.2.0] AndroidManifest.xml:61:9-64:40
258            android:name="com.google.android.gms.ads.AdService"
258-->[com.google.android.gms:play-services-ads-lite:21.2.0] AndroidManifest.xml:62:13-64
259            android:enabled="true"
259-->[com.google.android.gms:play-services-ads-lite:21.2.0] AndroidManifest.xml:63:13-35
260            android:exported="false" />
260-->[com.google.android.gms:play-services-ads-lite:21.2.0] AndroidManifest.xml:64:13-37
261
262        <activity
262-->[com.google.android.gms:play-services-base:18.0.1] AndroidManifest.xml:20:9-22:45
263            android:name="com.google.android.gms.common.api.GoogleApiActivity"
263-->[com.google.android.gms:play-services-base:18.0.1] AndroidManifest.xml:20:19-85
264            android:exported="false"
264-->[com.google.android.gms:play-services-base:18.0.1] AndroidManifest.xml:22:19-43
265            android:theme="@android:style/Theme.Translucent.NoTitleBar" />
265-->[com.google.android.gms:play-services-base:18.0.1] AndroidManifest.xml:21:19-78
266
267        <meta-data
267-->[com.google.android.gms:play-services-basement:18.1.0] AndroidManifest.xml:21:9-23:69
268            android:name="com.google.android.gms.version"
268-->[com.google.android.gms:play-services-basement:18.1.0] AndroidManifest.xml:22:13-58
269            android:value="@integer/google_play_services_version" />
269-->[com.google.android.gms:play-services-basement:18.1.0] AndroidManifest.xml:23:13-66
270
271        <provider
271-->[androidx.work:work-runtime:2.7.0] AndroidManifest.xml:31:9-39:20
272            android:name="androidx.startup.InitializationProvider"
272-->[androidx.work:work-runtime:2.7.0] AndroidManifest.xml:32:13-67